<?xml version="1.0" encoding="UTF-8"?>
<!-- Generated by org.testng.reporters.JUnitReportReporter -->
<testsuite skipped="0" hostname="chana" name="pack.Test2.Test123" tests="1" failures="0" timestamp="05 Nov 2017 14:14:33 GMT" time="75.065" errors="0">
  <testcase name="open" time="75.065" classname="pack.Test2.Test123"/>
</testsuite> <!-- pack.Test2.Test123 -->
