<?xml version="1.0" encoding="UTF-8"?>
<!-- Generated by org.testng.reporters.JUnitReportReporter -->
<testsuite skipped="0" hostname="chana" name="pack.Test2.Test123" tests="1" failures="0" timestamp="05 Nov 2017 13:39:43 GMT" time="0.019" errors="0">
  <testcase name="open" time="0.019" classname="pack.Test2.Test123"/>
</testsuite> <!-- pack.Test2.Test123 -->
